<?xml version="1.0" encoding="UTF-8"?>
<!-- Generated by org.testng.reporters.JUnitReportReporter -->
<testsuite skipped="0" hostname="WKWIN2346927" name="DDTest.HomePageTest" tests="1" failures="0" timestamp="22 Feb 2019 06:35:02 GMT" time="54.492" errors="0">
  <testcase name="ActionCall" time="54.492" classname="DDTest.HomePageTest"/>
</testsuite> <!-- DDTest.HomePageTest -->
