<?xml version="1.0" encoding="UTF-8"?>
<!-- Generated by org.testng.reporters.JUnitReportReporter -->
<testsuite skipped="0" hostname="WKWIN2346927" name="DDTest.LoginTest" tests="1" failures="0" timestamp="22 Feb 2019 04:26:04 GMT" time="47.768" errors="0">
  <testcase name="setup" time="47.768" classname="DDTest.LoginTest"/>
</testsuite> <!-- DDTest.LoginTest -->
